# JRE version: OpenJDK Runtime Environment (21.0.3) (build 21.0.3+-12282718-b509.11)
# Java VM: OpenJDK 64-Bit Server VM (21.0.3+-12282718-b509.11, mixed mode, tiered, compressed oops, compressed class ptrs, g1 gc, windows-amd64)
GC Precious Log:
 CardTable entry size: 512
 Card Set container configuration: InlinePtr #cards 5 size 8 Array Of Cards #cards 12 size 40 Howl #buckets 4 coarsen threshold 1843 Howl Bitmap #cards 512 size 80 coarsen threshold 460 Card regions per heap region 1 cards per card region 2048
 CPUs: 16 total, 16 available
 Memory: 16243M
 Large Page Support: Disabled
 NUMA Support: Disabled
 Compressed Oops: Enabled (32-bit)
 Heap Region Size: 1M
 Heap Min Capacity: 8M
 Heap Initial Capacity: 254M
 Heap Max Capacity: 2G
 Pre-touch: Disabled
 Parallel Workers: 13
 Concurrent Workers: 3
 Concurrent Refinement Workers: 13
 Periodic GC: Disabled
Heap:
 garbage-first heap   total 268288K, used 167113K [0x0000000080000000, 0x0000000100000000)
  region size 1024K, 78 young (79872K), 13 survivors (13312K)
 Metaspace       used 146589K, committed 151104K, reserved 1179648K
  class space    used 19189K, committed 20992K, reserved 1048576K
GC Heap History (20 events):
Event: 798.451 GC heap before
{Heap before GC invocations=56 (full 0):
 garbage-first heap   total 261120K, used 234420K [0x0000000080000000, 0x0000000100000000)
  region size 1024K, 100 young (102400K), 10 survivors (10240K)
 Metaspace       used 146944K, committed 149312K, reserved 1179648K
  class space    used 19675K, committed 20864K, reserved 1048576K
}
Event: 798.456 GC heap after
{Heap after GC invocations=57 (full 0):
 garbage-first heap   total 261120K, used 146087K [0x0000000080000000, 0x0000000100000000)
  region size 1024K, 10 young (10240K), 10 survivors (10240K)
 Metaspace       used 146944K, committed 149312K, reserved 1179648K
  class space    used 19675K, committed 20864K, reserved 1048576K
}
Event: 799.370 GC heap before
{Heap before GC invocations=57 (full 0):
 garbage-first heap   total 261120K, used 234151K [0x0000000080000000, 0x0000000100000000)
  region size 1024K, 97 young (99328K), 10 survivors (10240K)
 Metaspace       used 147408K, committed 149824K, reserved 1179648K
  class space    used 19738K, committed 20928K, reserved 1048576K
}
Event: 799.377 GC heap after
{Heap after GC invocations=58 (full 0):
 garbage-first heap   total 261120K, used 143908K [0x0000000080000000, 0x0000000100000000)
  region size 1024K, 11 young (11264K), 11 survivors (11264K)
 Metaspace       used 147408K, committed 149824K, reserved 1179648K
  class space    used 19738K, committed 20928K, reserved 1048576K
}
Event: 802.043 GC heap before
{Heap before GC invocations=58 (full 0):
 garbage-first heap   total 261120K, used 232996K [0x0000000080000000, 0x0000000100000000)
  region size 1024K, 99 young (101376K), 11 survivors (11264K)
 Metaspace       used 147652K, committed 150080K, reserved 1179648K
  class space    used 19744K, committed 20992K, reserved 1048576K
}
Event: 802.048 GC heap after
{Heap after GC invocations=59 (full 0):
 garbage-first heap   total 261120K, used 145724K [0x0000000080000000, 0x0000000100000000)
  region size 1024K, 11 young (11264K), 11 survivors (11264K)
 Metaspace       used 147652K, committed 150080K, reserved 1179648K
  class space    used 19744K, committed 20992K, reserved 1048576K
}
Event: 831.598 GC heap before
{Heap before GC invocations=60 (full 0):
 garbage-first heap   total 261120K, used 232764K [0x0000000080000000, 0x0000000100000000)
  region size 1024K, 97 young (99328K), 11 survivors (11264K)
 Metaspace       used 147809K, committed 150272K, reserved 1179648K
  class space    used 19745K, committed 20992K, reserved 1048576K
}
Event: 831.604 GC heap after
{Heap after GC invocations=61 (full 0):
 garbage-first heap   total 261120K, used 148288K [0x0000000080000000, 0x0000000100000000)
  region size 1024K, 12 young (12288K), 12 survivors (12288K)
 Metaspace       used 147809K, committed 150272K, reserved 1179648K
  class space    used 19745K, committed 20992K, reserved 1048576K
}
Event: 847.849 GC heap before
{Heap before GC invocations=61 (full 0):
 garbage-first heap   total 261120K, used 241472K [0x0000000080000000, 0x0000000100000000)
  region size 1024K, 94 young (96256K), 12 survivors (12288K)
 Metaspace       used 148186K, committed 150656K, reserved 1179648K
  class space    used 19753K, committed 20992K, reserved 1048576K
}
Event: 847.854 GC heap after
{Heap after GC invocations=62 (full 0):
 garbage-first heap   total 261120K, used 141014K [0x0000000080000000, 0x0000000100000000)
  region size 1024K, 9 young (9216K), 9 survivors (9216K)
 Metaspace       used 148186K, committed 150656K, reserved 1179648K
  class space    used 19753K, committed 20992K, reserved 1048576K
}
Event: 848.302 GC heap before
{Heap before GC invocations=62 (full 0):
 garbage-first heap   total 261120K, used 177878K [0x0000000080000000, 0x0000000100000000)
  region size 1024K, 47 young (48128K), 9 survivors (9216K)
 Metaspace       used 148407K, committed 150848K, reserved 1179648K
  class space    used 19755K, committed 20992K, reserved 1048576K
}
Event: 848.307 GC heap after
{Heap after GC invocations=63 (full 0):
 garbage-first heap   total 261120K, used 144027K [0x0000000080000000, 0x0000000100000000)
  region size 1024K, 4 young (4096K), 4 survivors (4096K)
 Metaspace       used 148407K, committed 150848K, reserved 1179648K
  class space    used 19755K, committed 20992K, reserved 1048576K
}
Event: 4902.378 GC heap before
{Heap before GC invocations=64 (full 0):
 garbage-first heap   total 268288K, used 244379K [0x0000000080000000, 0x0000000100000000)
  region size 1024K, 93 young (95232K), 4 survivors (4096K)
 Metaspace       used 148529K, committed 150976K, reserved 1179648K
  class space    used 19755K, committed 20992K, reserved 1048576K
}
Event: 4902.381 GC heap after
{Heap after GC invocations=65 (full 0):
 garbage-first heap   total 268288K, used 143175K [0x0000000080000000, 0x0000000100000000)
  region size 1024K, 3 young (3072K), 3 survivors (3072K)
 Metaspace       used 148529K, committed 150976K, reserved 1179648K
  class space    used 19755K, committed 20992K, reserved 1048576K
}
Event: 8850.670 GC heap before
{Heap before GC invocations=65 (full 0):
 garbage-first heap   total 268288K, used 245575K [0x0000000080000000, 0x0000000100000000)
  region size 1024K, 103 young (105472K), 3 survivors (3072K)
 Metaspace       used 148561K, committed 151040K, reserved 1179648K
  class space    used 19755K, committed 20992K, reserved 1048576K
}
Event: 8850.676 GC heap after
{Heap after GC invocations=66 (full 0):
 garbage-first heap   total 268288K, used 140514K [0x0000000080000000, 0x0000000100000000)
  region size 1024K, 3 young (3072K), 3 survivors (3072K)
 Metaspace       used 148561K, committed 151040K, reserved 1179648K
  class space    used 19755K, committed 20992K, reserved 1048576K
}
Event: 9408.912 GC heap before
{Heap before GC invocations=66 (full 0):
 garbage-first heap   total 268288K, used 166114K [0x0000000080000000, 0x0000000100000000)
  region size 1024K, 29 young (29696K), 3 survivors (3072K)
 Metaspace       used 148561K, committed 151040K, reserved 1179648K
  class space    used 19755K, committed 20992K, reserved 1048576K
}
Event: 9409.003 GC heap after
{Heap after GC invocations=67 (full 1):
 garbage-first heap   total 268288K, used 90060K [0x0000000080000000, 0x0000000100000000)
  region size 1024K, 0 young (0K), 0 survivors (0K)
 Metaspace       used 144965K, committed 151040K, reserved 1179648K
  class space    used 18936K, committed 20992K, reserved 1048576K
}
Event: 10355.155 GC heap before
{Heap before GC invocations=67 (full 1):
 garbage-first heap   total 268288K, used 248780K [0x0000000080000000, 0x0000000100000000)
  region size 1024K, 155 young (158720K), 0 survivors (0K)
 Metaspace       used 145910K, committed 151104K, reserved 1179648K
  class space    used 19127K, committed 20992K, reserved 1048576K
}
Event: 10355.160 GC heap after
{Heap after GC invocations=68 (full 1):
 garbage-first heap   total 268288K, used 102601K [0x0000000080000000, 0x0000000100000000)
  region size 1024K, 13 young (13312K), 13 survivors (13312K)
 Metaspace       used 145910K, committed 151104K, reserved 1179648K
  class space    used 19127K, committed 20992K, reserved 1048576K
}

